Determining if the pthread_create exist failed with the following output:
Change Dir: /home/jorge/catkin_ws/src/wander/build/CMakeFiles/CMakeTmp

Run Build Command:"/usr/bin/make" "cmTC_8ee8a/fast"
/usr/bin/make -f CMakeFiles/cmTC_8ee8a.dir/build.make CMakeFiles/cmTC_8ee8a.dir/build
make[1]: Entering directory '/home/jorge/catkin_ws/src/wander/build/CMakeFiles/CMakeTmp'
Building C object CMakeFiles/cmTC_8ee8a.dir/CheckSymbolExists.c.o
/usr/bin/x86_64-linux-gnu-gcc-5     -o CMakeFiles/cmTC_8ee8a.dir/CheckSymbolExists.c.o   -c /home/jorge/catkin_ws/src/wander/build/CMakeFiles/CMakeTmp/CheckSymbolExists.c
Linking C executable cmTC_8ee8a
/usr/bin/cmake -E cmake_link_script CMakeFiles/cmTC_8ee8a.dir/link.txt --verbose=1
/usr/bin/x86_64-linux-gnu-gcc-5       CMakeFiles/cmTC_8ee8a.dir/CheckSymbolExists.c.o  -o cmTC_8ee8a -rdynamic 
CMakeFiles/cmTC_8ee8a.dir/CheckSymbolExists.c.o: In function `main':
CheckSymbolExists.c:(.text+0x16): undefined reference to `pthread_create'
collect2: error: ld returned 1 exit status
CMakeFiles/cmTC_8ee8a.dir/build.make:97: recipe for target 'cmTC_8ee8a' failed
make[1]: *** [cmTC_8ee8a] Error 1
make[1]: Leaving directory '/home/jorge/catkin_ws/src/wander/build/CMakeFiles/CMakeTmp'
Makefile:126: recipe for target 'cmTC_8ee8a/fast' failed
make: *** [cmTC_8ee8a/fast] Error 2

File /home/jorge/catkin_ws/src/wander/build/CMakeFiles/CMakeTmp/CheckSymbolExists.c:
/* */
#include <pthread.h>

int main(int argc, char** argv)
{
  (void)argv;
#ifndef pthread_create
  return ((int*)(&pthread_create))[argc];
#else
  (void)argc;
  return 0;
#endif
}

Determining if the function pthread_create exists in the pthreads failed with the following output:
Change Dir: /home/jorge/catkin_ws/src/wander/build/CMakeFiles/CMakeTmp

Run Build Command:"/usr/bin/make" "cmTC_2f85b/fast"
/usr/bin/make -f CMakeFiles/cmTC_2f85b.dir/build.make CMakeFiles/cmTC_2f85b.dir/build
make[1]: Entering directory '/home/jorge/catkin_ws/src/wander/build/CMakeFiles/CMakeTmp'
Building C object CMakeFiles/cmTC_2f85b.dir/CheckFunctionExists.c.o
/usr/bin/x86_64-linux-gnu-gcc-5    -DCHECK_FUNCTION_EXISTS=pthread_create   -o CMakeFiles/cmTC_2f85b.dir/CheckFunctionExists.c.o   -c /usr/share/cmake-3.5/Modules/CheckFunctionExists.c
Linking C executable cmTC_2f85b
/usr/bin/cmake -E cmake_link_script CMakeFiles/cmTC_2f85b.dir/link.txt --verbose=1
/usr/bin/x86_64-linux-gnu-gcc-5   -DCHECK_FUNCTION_EXISTS=pthread_create    CMakeFiles/cmTC_2f85b.dir/CheckFunctionExists.c.o  -o cmTC_2f85b -rdynamic -lpthreads 
/usr/bin/ld: cannot find -lpthreads
collect2: error: ld returned 1 exit status
CMakeFiles/cmTC_2f85b.dir/build.make:97: recipe for target 'cmTC_2f85b' failed
make[1]: *** [cmTC_2f85b] Error 1
make[1]: Leaving directory '/home/jorge/catkin_ws/src/wander/build/CMakeFiles/CMakeTmp'
Makefile:126: recipe for target 'cmTC_2f85b/fast' failed
make: *** [cmTC_2f85b/fast] Error 2


