Determining if the pthread_create exist failed with the following output:
Change Dir: /home/jorge/catkin_ws/src/ejemplogazebo/build/CMakeFiles/CMakeTmp

Run Build Command:"/usr/bin/make" "cmTC_7d4f0/fast"
/usr/bin/make -f CMakeFiles/cmTC_7d4f0.dir/build.make CMakeFiles/cmTC_7d4f0.dir/build
make[1]: Entering directory '/home/jorge/catkin_ws/src/ejemplogazebo/build/CMakeFiles/CMakeTmp'
Building C object CMakeFiles/cmTC_7d4f0.dir/CheckSymbolExists.c.o
/usr/bin/gcc-5     -o CMakeFiles/cmTC_7d4f0.dir/CheckSymbolExists.c.o   -c /home/jorge/catkin_ws/src/ejemplogazebo/build/CMakeFiles/CMakeTmp/CheckSymbolExists.c
Linking C executable cmTC_7d4f0
/usr/bin/cmake -E cmake_link_script CMakeFiles/cmTC_7d4f0.dir/link.txt --verbose=1
/usr/bin/gcc-5       CMakeFiles/cmTC_7d4f0.dir/CheckSymbolExists.c.o  -o cmTC_7d4f0 -rdynamic 
CMakeFiles/cmTC_7d4f0.dir/CheckSymbolExists.c.o: In function `main':
CheckSymbolExists.c:(.text+0x16): undefined reference to `pthread_create'
collect2: error: ld returned 1 exit status
CMakeFiles/cmTC_7d4f0.dir/build.make:97: recipe for target 'cmTC_7d4f0' failed
make[1]: *** [cmTC_7d4f0] Error 1
make[1]: Leaving directory '/home/jorge/catkin_ws/src/ejemplogazebo/build/CMakeFiles/CMakeTmp'
Makefile:126: recipe for target 'cmTC_7d4f0/fast' failed
make: *** [cmTC_7d4f0/fast] Error 2

File /home/jorge/catkin_ws/src/ejemplogazebo/build/CMakeFiles/CMakeTmp/CheckSymbolExists.c:
/* */
#include <pthread.h>

int main(int argc, char** argv)
{
  (void)argv;
#ifndef pthread_create
  return ((int*)(&pthread_create))[argc];
#else
  (void)argc;
  return 0;
#endif
}

Determining if the function pthread_create exists in the pthreads failed with the following output:
Change Dir: /home/jorge/catkin_ws/src/ejemplogazebo/build/CMakeFiles/CMakeTmp

Run Build Command:"/usr/bin/make" "cmTC_d738b/fast"
/usr/bin/make -f CMakeFiles/cmTC_d738b.dir/build.make CMakeFiles/cmTC_d738b.dir/build
make[1]: Entering directory '/home/jorge/catkin_ws/src/ejemplogazebo/build/CMakeFiles/CMakeTmp'
Building C object CMakeFiles/cmTC_d738b.dir/CheckFunctionExists.c.o
/usr/bin/gcc-5    -DCHECK_FUNCTION_EXISTS=pthread_create   -o CMakeFiles/cmTC_d738b.dir/CheckFunctionExists.c.o   -c /usr/share/cmake-3.5/Modules/CheckFunctionExists.c
Linking C executable cmTC_d738b
/usr/bin/cmake -E cmake_link_script CMakeFiles/cmTC_d738b.dir/link.txt --verbose=1
/usr/bin/gcc-5   -DCHECK_FUNCTION_EXISTS=pthread_create    CMakeFiles/cmTC_d738b.dir/CheckFunctionExists.c.o  -o cmTC_d738b -rdynamic -lpthreads 
/usr/bin/ld: cannot find -lpthreads
collect2: error: ld returned 1 exit status
CMakeFiles/cmTC_d738b.dir/build.make:97: recipe for target 'cmTC_d738b' failed
make[1]: *** [cmTC_d738b] Error 1
make[1]: Leaving directory '/home/jorge/catkin_ws/src/ejemplogazebo/build/CMakeFiles/CMakeTmp'
Makefile:126: recipe for target 'cmTC_d738b/fast' failed
make: *** [cmTC_d738b/fast] Error 2


