Determining if the pthread_create exist failed with the following output:
Change Dir: /home/gnomo/Desktop/ROS_AJJO/build/CMakeFiles/CMakeTmp

Run Build Command:"/usr/bin/make" "cmTC_b6420/fast"
/usr/bin/make -f CMakeFiles/cmTC_b6420.dir/build.make CMakeFiles/cmTC_b6420.dir/build
make[1]: Entering directory '/home/gnomo/Desktop/ROS_AJJO/build/CMakeFiles/CMakeTmp'
Building C object CMakeFiles/cmTC_b6420.dir/CheckSymbolExists.c.o
/usr/bin/cc     -o CMakeFiles/cmTC_b6420.dir/CheckSymbolExists.c.o   -c /home/gnomo/Desktop/ROS_AJJO/build/CMakeFiles/CMakeTmp/CheckSymbolExists.c
Linking C executable cmTC_b6420
/usr/bin/cmake -E cmake_link_script CMakeFiles/cmTC_b6420.dir/link.txt --verbose=1
/usr/bin/cc       CMakeFiles/cmTC_b6420.dir/CheckSymbolExists.c.o  -o cmTC_b6420 -rdynamic 
CMakeFiles/cmTC_b6420.dir/CheckSymbolExists.c.o: In function `main':
CheckSymbolExists.c:(.text+0x16): undefined reference to `pthread_create'
collect2: error: ld returned 1 exit status
CMakeFiles/cmTC_b6420.dir/build.make:97: recipe for target 'cmTC_b6420' failed
make[1]: *** [cmTC_b6420] Error 1
make[1]: Leaving directory '/home/gnomo/Desktop/ROS_AJJO/build/CMakeFiles/CMakeTmp'
Makefile:126: recipe for target 'cmTC_b6420/fast' failed
make: *** [cmTC_b6420/fast] Error 2

File /home/gnomo/Desktop/ROS_AJJO/build/CMakeFiles/CMakeTmp/CheckSymbolExists.c:
/* */
#include <pthread.h>

int main(int argc, char** argv)
{
  (void)argv;
#ifndef pthread_create
  return ((int*)(&pthread_create))[argc];
#else
  (void)argc;
  return 0;
#endif
}

Determining if the function pthread_create exists in the pthreads failed with the following output:
Change Dir: /home/gnomo/Desktop/ROS_AJJO/build/CMakeFiles/CMakeTmp

Run Build Command:"/usr/bin/make" "cmTC_84987/fast"
/usr/bin/make -f CMakeFiles/cmTC_84987.dir/build.make CMakeFiles/cmTC_84987.dir/build
make[1]: Entering directory '/home/gnomo/Desktop/ROS_AJJO/build/CMakeFiles/CMakeTmp'
Building C object CMakeFiles/cmTC_84987.dir/CheckFunctionExists.c.o
/usr/bin/cc    -DCHECK_FUNCTION_EXISTS=pthread_create   -o CMakeFiles/cmTC_84987.dir/CheckFunctionExists.c.o   -c /usr/share/cmake-3.5/Modules/CheckFunctionExists.c
Linking C executable cmTC_84987
/usr/bin/cmake -E cmake_link_script CMakeFiles/cmTC_84987.dir/link.txt --verbose=1
/usr/bin/cc   -DCHECK_FUNCTION_EXISTS=pthread_create    CMakeFiles/cmTC_84987.dir/CheckFunctionExists.c.o  -o cmTC_84987 -rdynamic -lpthreads 
/usr/bin/ld: cannot find -lpthreads
collect2: error: ld returned 1 exit status
CMakeFiles/cmTC_84987.dir/build.make:97: recipe for target 'cmTC_84987' failed
make[1]: *** [cmTC_84987] Error 1
make[1]: Leaving directory '/home/gnomo/Desktop/ROS_AJJO/build/CMakeFiles/CMakeTmp'
Makefile:126: recipe for target 'cmTC_84987/fast' failed
make: *** [cmTC_84987/fast] Error 2


