In file included from [01m[K/home/jorge/catkin_ws/src/get_pointclouds/src/Plotter.hpp:4:0[m[K,
                 from [01m[K/home/jorge/catkin_ws/src/get_pointclouds/src/Plotter.cpp:1[m[K:
[01m[K/usr/include/pcl-1.7/pcl/visualization/cloud_viewer.h:202:14:[m[K [01;35m[Kwarning: [m[K‘[01m[Ktemplate<class> class std::auto_ptr[m[K’ is deprecated [-Wdeprecated-declarations]
         std::auto_ptr<CloudViewer_impl> impl_;
[01;32m[K              ^[m[K
In file included from [01m[K/usr/include/c++/5/bits/locale_conv.h:41:0[m[K,
                 from [01m[K/usr/include/c++/5/locale:43[m[K,
                 from [01m[K/usr/include/c++/5/iomanip:43[m[K,
                 from [01m[K/usr/include/boost/math/policies/error_handling.hpp:12[m[K,
                 from [01m[K/usr/include/boost/math/special_functions/round.hpp:14[m[K,
                 from [01m[K/opt/ros/kinetic/include/ros/time.h:58[m[K,
                 from [01m[K/opt/ros/kinetic/include/ros/ros.h:38[m[K,
                 from [01m[K/opt/ros/kinetic/include/pcl_ros/point_cloud.h:4[m[K,
                 from [01m[K/home/jorge/catkin_ws/src/get_pointclouds/src/Plotter.hpp:3[m[K,
                 from [01m[K/home/jorge/catkin_ws/src/get_pointclouds/src/Plotter.cpp:1[m[K:
[01m[K/usr/include/c++/5/bits/unique_ptr.h:49:28:[m[K [01;36m[Knote: [m[Kdeclared here
   template<typename> class auto_ptr;
[01;32m[K                            ^[m[K
In file included from [01m[K/home/jorge/catkin_ws/src/get_pointclouds/src/node.cpp:5:0[m[K:
[01m[K/usr/include/pcl-1.7/pcl/visualization/cloud_viewer.h:202:14:[m[K [01;35m[Kwarning: [m[K‘[01m[Ktemplate<class> class std::auto_ptr[m[K’ is deprecated [-Wdeprecated-declarations]
         std::auto_ptr<CloudViewer_impl> impl_;
[01;32m[K              ^[m[K
In file included from [01m[K/usr/include/c++/5/memory:81:0[m[K,
                 from [01m[K/usr/include/boost/config/no_tr1/memory.hpp:21[m[K,
                 from [01m[K/usr/include/boost/smart_ptr/shared_ptr.hpp:23[m[K,
                 from [01m[K/usr/include/boost/shared_ptr.hpp:17[m[K,
                 from [01m[K/opt/ros/kinetic/include/rosbag/chunked_file.h:42[m[K,
                 from [01m[K/opt/ros/kinetic/include/rosbag/bag.h:41[m[K,
                 from [01m[K/home/jorge/catkin_ws/src/get_pointclouds/src/MapBuilder.hpp:4[m[K,
                 from [01m[K/home/jorge/catkin_ws/src/get_pointclouds/src/node.cpp:1[m[K:
[01m[K/usr/include/c++/5/bits/unique_ptr.h:49:28:[m[K [01;36m[Knote: [m[Kdeclared here
   template<typename> class auto_ptr;
[01;32m[K                            ^[m[K
In file included from [01m[K/home/jorge/catkin_ws/src/get_pointclouds/src/Plotter.hpp:4:0[m[K,
                 from [01m[K/home/jorge/catkin_ws/src/get_pointclouds/src/MapBuilder.cpp:2[m[K:
[01m[K/usr/include/pcl-1.7/pcl/visualization/cloud_viewer.h:202:14:[m[K [01;35m[Kwarning: [m[K‘[01m[Ktemplate<class> class std::auto_ptr[m[K’ is deprecated [-Wdeprecated-declarations]
         std::auto_ptr<CloudViewer_impl> impl_;
[01;32m[K              ^[m[K
In file included from [01m[K/usr/include/c++/5/memory:81:0[m[K,
                 from [01m[K/usr/include/boost/config/no_tr1/memory.hpp:21[m[K,
                 from [01m[K/usr/include/boost/smart_ptr/shared_ptr.hpp:23[m[K,
                 from [01m[K/usr/include/boost/shared_ptr.hpp:17[m[K,
                 from [01m[K/opt/ros/kinetic/include/rosbag/chunked_file.h:42[m[K,
                 from [01m[K/opt/ros/kinetic/include/rosbag/bag.h:41[m[K,
                 from [01m[K/home/jorge/catkin_ws/src/get_pointclouds/src/MapBuilder.hpp:4[m[K,
                 from [01m[K/home/jorge/catkin_ws/src/get_pointclouds/src/MapBuilder.cpp:1[m[K:
[01m[K/usr/include/c++/5/bits/unique_ptr.h:49:28:[m[K [01;36m[Knote: [m[Kdeclared here
   template<typename> class auto_ptr;
[01;32m[K                            ^[m[K
